/Users/hasanb/Library/Python/3.9/lib/python/site-packages/urllib3/__init__.py:35: NotOpenSSLWarning: urllib3 v2 only supports OpenSSL 1.1.1+, currently the 'ssl' module is compiled with 'LibreSSL 2.8.3'. See: https://github.com/urllib3/urllib3/issues/3020
  warnings.warn(
/Users/hasanb/Desktop/MDX-DOCS/CST-4090/code/hdfs-anomaly-detection/enhanced_scoring_service.py:476: DeprecationWarning: 
        on_event is deprecated, use lifespan event handlers instead.

        Read more about it in the
        [FastAPI docs for Lifespan Events](https://fastapi.tiangolo.com/advanced/events/).
        
  @app.on_event('startup')
INFO:     Started server process [31504]
INFO:     Waiting for application startup.
2025-09-26 16:18:13,159 - __main__ - INFO - 🚀 Starting Real-Time HDFS Anomaly Detection Engine...
2025-09-26 16:18:13,162 - __main__ - INFO -  Database initialized: anomaly_detection.db
2025-09-26 16:18:13,167 - __main__ - INFO - ✅ Connected to Redis at localhost:6379
2025-09-26 16:18:13,211 - httpx - INFO - HTTP Request: GET http://localhost:6333 "HTTP/1.1 200 OK"
2025-09-26 16:18:13,211 - __main__ - INFO - ✅ Connected to Qdrant at localhost:6333
2025-09-26 16:18:13,211 - __main__ - INFO - 📥 Loading ensemble model from ./ensemble/models/line_level_ensemble_v2/line_level_ensemble_v2_results.joblib
2025-09-26 16:18:13,886 - __main__ - INFO - ✅ Loaded ensemble with 3 models
2025-09-26 16:18:13,886 - __main__ - INFO - 🎯 Model weights for weighted voting:
2025-09-26 16:18:13,886 - __main__ - INFO -    dt: 0.0790
2025-09-26 16:18:13,886 - __main__ - INFO -    mlp: 0.4315
2025-09-26 16:18:13,886 - __main__ - INFO -    sgd: 0.0747
2025-09-26 16:18:13,886 - __main__ - INFO -    qdrant_similarity: 0.4148
2025-09-26 16:18:13,886 - __main__ - INFO - 📡 Enhanced Kafka consumer started
2025-09-26 16:18:13,886 - __main__ - INFO - ✅ Real-Time Anomaly Detection Engine ready!
INFO:     Application startup complete.
INFO:     Uvicorn running on http://0.0.0.0:8003 (Press CTRL+C to quit)
2025-09-26 16:18:13,887 - kafka.conn - INFO - <BrokerConnection client_id=kafka-python-2.2.15, node_id=bootstrap-0 host=localhost:9092 <connecting> [IPv6 ('::1', 9092, 0, 0)]>: connecting to localhost:9092 [('::1', 9092, 0, 0) IPv6]
2025-09-26 16:18:13,898 - kafka.conn - INFO - <BrokerConnection client_id=kafka-python-2.2.15, node_id=bootstrap-0 host=localhost:9092 <checking_api_versions_recv> [IPv6 ('::1', 9092, 0, 0)]>: Broker version identified as 2.6
2025-09-26 16:18:13,898 - kafka.conn - INFO - <BrokerConnection client_id=kafka-python-2.2.15, node_id=bootstrap-0 host=localhost:9092 <connected> [IPv6 ('::1', 9092, 0, 0)]>: Connection complete.
2025-09-26 16:18:13,898 - kafka.consumer.subscription_state - INFO - Updating subscribed topics to: ('logs',)
2025-09-26 16:18:13,898 - __main__ - INFO - 📡 Enhanced Kafka consumer listening to topic: logs
2025-09-26 16:18:13,901 - kafka.conn - INFO - <BrokerConnection client_id=kafka-python-2.2.15, node_id=1 host=localhost:9092 <connecting> [IPv6 ('::1', 9092, 0, 0)]>: connecting to localhost:9092 [('::1', 9092, 0, 0) IPv6]
2025-09-26 16:18:14,007 - kafka.conn - INFO - <BrokerConnection client_id=kafka-python-2.2.15, node_id=1 host=localhost:9092 <connected> [IPv6 ('::1', 9092, 0, 0)]>: Connection complete.
2025-09-26 16:18:14,007 - kafka.conn - INFO - <BrokerConnection client_id=kafka-python-2.2.15, node_id=bootstrap-0 host=localhost:9092 <connected> [IPv6 ('::1', 9092, 0, 0)]>: Closing connection. 
2025-09-26 16:18:14,119 - kafka.cluster - INFO - Coordinator for group/anomaly_engine_1758889093 is BrokerMetadata(nodeId='coordinator-1', host='localhost', port=9092, rack=None)
2025-09-26 16:18:14,120 - kafka.coordinator - INFO - Discovered coordinator coordinator-1 for group anomaly_engine_1758889093
2025-09-26 16:18:14,120 - kafka.coordinator.heartbeat - INFO - Starting new heartbeat thread
2025-09-26 16:18:14,121 - kafka.coordinator.consumer - INFO - Revoking previously assigned partitions set() for group anomaly_engine_1758889093
2025-09-26 16:18:14,122 - kafka.coordinator - INFO - Failed to join group anomaly_engine_1758889093: NodeNotReadyError: coordinator-1
2025-09-26 16:18:14,124 - kafka.conn - INFO - <BrokerConnection client_id=kafka-python-2.2.15, node_id=coordinator-1 host=localhost:9092 <connecting> [IPv6 ('::1', 9092, 0, 0)]>: connecting to localhost:9092 [('::1', 9092, 0, 0) IPv6]
2025-09-26 16:18:14,227 - kafka.coordinator - INFO - Failed to join group anomaly_engine_1758889093: NodeNotReadyError: coordinator-1
2025-09-26 16:18:14,227 - kafka.conn - INFO - <BrokerConnection client_id=kafka-python-2.2.15, node_id=coordinator-1 host=localhost:9092 <connected> [IPv6 ('::1', 9092, 0, 0)]>: Connection complete.
2025-09-26 16:18:14,328 - kafka.coordinator - INFO - (Re-)joining group anomaly_engine_1758889093
2025-09-26 16:18:14,335 - kafka.coordinator - INFO - Received member id kafka-python-2.2.15-51c475ad-c3a2-4e04-a7e3-5a60addac647 for group anomaly_engine_1758889093; will retry join-group
2025-09-26 16:18:14,336 - kafka.coordinator - INFO - Failed to join group anomaly_engine_1758889093: [Error 79] MemberIdRequiredError
2025-09-26 16:18:14,336 - kafka.coordinator - INFO - (Re-)joining group anomaly_engine_1758889093
2025-09-26 16:18:14,356 - kafka.coordinator - INFO - Successfully joined group anomaly_engine_1758889093 <Generation 1 (member_id: kafka-python-2.2.15-51c475ad-c3a2-4e04-a7e3-5a60addac647, protocol: range)>
2025-09-26 16:18:14,357 - kafka.coordinator - INFO - Elected group leader -- performing partition assignments using range
2025-09-26 16:18:14,380 - kafka.consumer.subscription_state - INFO - Updated partition assignment: [TopicPartition(topic='logs', partition=0)]
2025-09-26 16:18:14,380 - kafka.coordinator.consumer - INFO - Setting newly assigned partitions {TopicPartition(topic='logs', partition=0)} for group anomaly_engine_1758889093
2025-09-26 16:18:14,383 - kafka.consumer.fetcher - INFO - Resetting offset for partition TopicPartition(topic='logs', partition=0) to offset 236035.
2025-09-26 16:18:15,209 - __main__ - INFO - 🗑️ Cleared 1 cached results
INFO:     127.0.0.1:62180 - "POST /cache/clear HTTP/1.1" 200 OK
2025-09-26 16:18:17,241 - httpx - INFO - HTTP Request: GET http://localhost:6333/collections "HTTP/1.1 200 OK"
INFO:     127.0.0.1:62184 - "GET /health HTTP/1.1" 200 OK
